{"level":"info","message":"Server is running on PORT 3000"}
{"level":"info","message":"Connected to MongoDB successfully"}
{"level":"info","message":"Server is running on PORT 3000"}
{"level":"info","message":"Connected to MongoDB successfully"}
{"level":"info","message":"Server is running on PORT 3000"}
{"level":"info","message":"Connected to MongoDB successfully"}
{"level":"info","message":"Server is running on PORT 3000"}
{"level":"info","message":"Connected to MongoDB successfully"}
{"level":"info","message":"Server is running on PORT 3000"}
{"level":"info","message":"Connected to MongoDB successfully"}
{"level":"info","message":"Connected to MongoDB successfully"}
{"level":"info","message":"Connected to MongoDB successfully"}
{"level":"info","message":"Server is running on PORT 3000"}
{"level":"info","message":"Connected to MongoDB successfully"}
{"level":"info","message":"Server is running on PORT 3000"}
{"level":"info","message":"Connected to MongoDB successfully"}
{"level":"info","message":"Server is running on PORT 3000"}
{"level":"info","message":"Connected to MongoDB successfully"}
{"level":"error","message":"Transportation validation failed: driver: Path `driver` is required."}
{"level":"info","message":"Server is running on PORT 3000"}
{"level":"info","message":"Connected to MongoDB successfully"}
{"level":"info","message":"Server is running on PORT 3000"}
{"level":"info","message":"Connected to MongoDB successfully"}
{"level":"error","message":"Worker validation failed: age: Path `age` is required."}
{"level":"error","message":"Cast to ObjectId failed for value \"\" (type string) at path \"service\" because of \"BSONError\""}
{"level":"info","message":"OTP sent to +2347036599967: SMba0c8526ef21fc340a5322e1aaee1553"}
{"level":"error","message":"data and hash arguments required"}
{"level":"error","message":"data and hash arguments required"}
{"level":"info","message":"Server is running on PORT 3000"}
{"level":"info","message":"Connected to MongoDB successfully"}
{"level":"error","message":"data and hash arguments required"}
{"level":"info","message":"Server is running on PORT 3000"}
{"level":"info","message":"Connected to MongoDB successfully"}
{"level":"info","message":"Server is running on PORT 3000"}
{"level":"info","message":"Connected to MongoDB successfully"}
{"level":"error","message":"data and hash arguments required"}
{"level":"error","message":"data and hash arguments required"}
{"level":"info","message":"Server is running on PORT 3000"}
{"level":"info","message":"Connected to MongoDB successfully"}
{"level":"error","message":"data and hash arguments required"}
{"level":"info","message":"Server is running on PORT 3000"}
{"level":"info","message":"Connected to MongoDB successfully"}
{"level":"error","message":"data and hash arguments required"}
{"level":"info","message":"Server is running on PORT 3000"}
{"level":"info","message":"Connected to MongoDB successfully"}
{"level":"info","message":"Server is running on PORT 3000"}
{"level":"info","message":"Connected to MongoDB successfully"}
{"level":"info","message":"OTP sent to +2347036599967: SM75ce2586e6aeb14240c8366046164eb7"}
{"level":"info","message":"Server is running on PORT 3000"}
{"level":"info","message":"Connected to MongoDB successfully"}
{"level":"info","message":"Server is running on PORT 3000"}
{"level":"info","message":"Connected to MongoDB successfully"}
{"level":"info","message":"Server is running on PORT 3000"}
{"level":"info","message":"Connected to MongoDB successfully"}
{"level":"info","message":"Server is running on PORT 3000"}
{"level":"info","message":"Connected to MongoDB successfully"}
{"level":"info","message":"Server is running on PORT 3000"}
{"level":"info","message":"Server is running on PORT 3000"}
{"level":"info","message":"Connected to MongoDB successfully"}
{"level":"info","message":"Server is running on PORT 3000"}
{"level":"info","message":"Connected to MongoDB successfully"}
{"level":"info","message":"Server is running on PORT 3000"}
{"level":"info","message":"Connected to MongoDB successfully"}
{"level":"info","message":"Server is running on PORT 3000"}
{"level":"info","message":"Connected to MongoDB successfully"}
{"level":"info","message":"Server is running on PORT 3000"}
{"level":"info","message":"Connected to MongoDB successfully"}
{"level":"info","message":"Server is running on PORT 3000"}
{"level":"info","message":"Connected to MongoDB successfully"}
{"level":"info","message":"Server is running on PORT 3000"}
{"level":"info","message":"Connected to MongoDB successfully"}
{"level":"info","message":"Server is running on PORT 3000"}
{"level":"info","message":"Connected to MongoDB successfully"}
{"level":"info","message":"Server is running on PORT 3000"}
{"level":"info","message":"Connected to MongoDB successfully"}
{"level":"info","message":"Server is running on PORT 3000"}
{"level":"info","message":"Connected to MongoDB successfully"}
{"level":"info","message":"Server is running on PORT 3000"}
{"level":"info","message":"Connected to MongoDB successfully"}
{"level":"info","message":"Server is running on PORT 3000"}
{"level":"info","message":"Connected to MongoDB successfully"}
{"level":"info","message":"Server is running on PORT 3000"}
{"level":"info","message":"Connected to MongoDB successfully"}
{"level":"info","message":"Server is running on PORT 3000"}
{"level":"info","message":"Connected to MongoDB successfully"}
{"level":"info","message":"Server is running on PORT 3000"}
{"level":"info","message":"Connected to MongoDB successfully"}
{"level":"info","message":"Server is running on PORT 3000"}
{"level":"info","message":"Connected to MongoDB successfully"}
{"level":"info","message":"Server is running on PORT 3000"}
{"level":"info","message":"Connected to MongoDB successfully"}
{"level":"info","message":"OTP sent to +2347036599967: SMe9542286f2c07516205a97fe29d55323"}
{"level":"info","message":"Server is running on PORT 3000"}
{"level":"info","message":"Connected to MongoDB successfully"}
{"level":"info","message":"Server is running on PORT 3000"}
{"level":"info","message":"Connected to MongoDB successfully"}
{"level":"error","message":"Cannot read properties of undefined (reading 'pull')"}
{"level":"info","message":"Server is running on PORT 3000"}
{"level":"info","message":"Connected to MongoDB successfully"}
{"level":"error","message":"Cannot read properties of undefined (reading 'pull')"}
{"level":"info","message":"Connected to MongoDB successfully"}
{"level":"info","message":"Connected to MongoDB successfully"}
{"level":"info","message":"Server is running on PORT 3000"}
{"level":"info","message":"Connected to MongoDB successfully"}
{"level":"info","message":"Server is running on PORT 3000"}
{"level":"info","message":"Connected to MongoDB successfully"}
{"level":"info","message":"Server is running on PORT 3000"}
{"level":"info","message":"Connected to MongoDB successfully"}
{"level":"info","message":"Server is running on PORT 3000"}
{"level":"info","message":"Connected to MongoDB successfully"}
{"level":"error","message":"Cannot read properties of undefined (reading 'pull')"}
{"level":"info","message":"Server is running on PORT 3000"}
{"level":"info","message":"Connected to MongoDB successfully"}
{"level":"info","message":"Server is running on PORT 3000"}
{"level":"info","message":"Connected to MongoDB successfully"}
{"level":"info","message":"Server is running on PORT 3000"}
{"level":"info","message":"Connected to MongoDB successfully"}
{"date":"Sun Oct 01 2023 19:17:51 GMT+0100 (West Africa Standard Time)","error":{"address":"::","code":"EADDRINUSE","errno":-4091,"port":3000,"syscall":"listen"},"exception":true,"level":"error","message":"uncaughtException: listen EADDRINUSE: address already in use :::3000\nError: listen EADDRINUSE: address already in use :::3000\n    at Server.setupListenHandle [as _listen2] (node:net:1872:16)\n    at listenInCluster (node:net:1920:12)\n    at Server.listen (node:net:2008:7)\n    at Function.listen (C:\\Users\\RAHIM\\Documents\\Kundi\\node_modules\\express\\lib\\application.js:635:24)\n    at Object.<anonymous> (C:\\Users\\RAHIM\\Documents\\Kundi\\app.js:69:5)\n    at Module._compile (node:internal/modules/cjs/loader:1241:14)\n    at Module._extensions..js (node:internal/modules/cjs/loader:1295:10)\n    at Module.load (node:internal/modules/cjs/loader:1091:32)\n    at Module._load (node:internal/modules/cjs/loader:938:12)\n    at Function.executeUserEntryPoint [as runMain] (node:internal/modules/run_main:83:12)","os":{"loadavg":[0,0,0],"uptime":726536.281},"process":{"argv":["C:\\Program Files\\nodejs\\node.exe","C:\\Users\\RAHIM\\Documents\\Kundi\\app.js"],"cwd":"C:\\Users\\RAHIM\\Documents\\Kundi","execPath":"C:\\Program Files\\nodejs\\node.exe","gid":null,"memoryUsage":{"arrayBuffers":18263445,"external":20761580,"heapTotal":105758720,"heapUsed":76459104,"rss":146419712},"pid":11840,"uid":null,"version":"v20.7.0"},"stack":"Error: listen EADDRINUSE: address already in use :::3000\n    at Server.setupListenHandle [as _listen2] (node:net:1872:16)\n    at listenInCluster (node:net:1920:12)\n    at Server.listen (node:net:2008:7)\n    at Function.listen (C:\\Users\\RAHIM\\Documents\\Kundi\\node_modules\\express\\lib\\application.js:635:24)\n    at Object.<anonymous> (C:\\Users\\RAHIM\\Documents\\Kundi\\app.js:69:5)\n    at Module._compile (node:internal/modules/cjs/loader:1241:14)\n    at Module._extensions..js (node:internal/modules/cjs/loader:1295:10)\n    at Module.load (node:internal/modules/cjs/loader:1091:32)\n    at Module._load (node:internal/modules/cjs/loader:938:12)\n    at Function.executeUserEntryPoint [as runMain] (node:internal/modules/run_main:83:12)","trace":[{"column":16,"file":"node:net","function":"Server.setupListenHandle [as _listen2]","line":1872,"method":"setupListenHandle [as _listen2]","native":false},{"column":12,"file":"node:net","function":"listenInCluster","line":1920,"method":null,"native":false},{"column":7,"file":"node:net","function":"Server.listen","line":2008,"method":"listen","native":false},{"column":24,"file":"C:\\Users\\RAHIM\\Documents\\Kundi\\node_modules\\express\\lib\\application.js","function":"Function.listen","line":635,"method":"listen","native":false},{"column":5,"file":"C:\\Users\\RAHIM\\Documents\\Kundi\\app.js","function":null,"line":69,"method":null,"native":false},{"column":14,"file":"node:internal/modules/cjs/loader","function":"Module._compile","line":1241,"method":"_compile","native":false},{"column":10,"file":"node:internal/modules/cjs/loader","function":"Module._extensions..js","line":1295,"method":".js","native":false},{"column":32,"file":"node:internal/modules/cjs/loader","function":"Module.load","line":1091,"method":"load","native":false},{"column":12,"file":"node:internal/modules/cjs/loader","function":"Module._load","line":938,"method":"_load","native":false},{"column":12,"file":"node:internal/modules/run_main","function":"Function.executeUserEntryPoint [as runMain]","line":83,"method":"executeUserEntryPoint [as runMain]","native":false}]}
{"date":"Sun Oct 01 2023 19:18:52 GMT+0100 (West Africa Standard Time)","error":{"address":"::","code":"EADDRINUSE","errno":-4091,"port":3000,"syscall":"listen"},"exception":true,"level":"error","message":"uncaughtException: listen EADDRINUSE: address already in use :::3000\nError: listen EADDRINUSE: address already in use :::3000\n    at Server.setupListenHandle [as _listen2] (node:net:1872:16)\n    at listenInCluster (node:net:1920:12)\n    at Server.listen (node:net:2008:7)\n    at Function.listen (C:\\Users\\RAHIM\\Documents\\Kundi\\node_modules\\express\\lib\\application.js:635:24)\n    at Object.<anonymous> (C:\\Users\\RAHIM\\Documents\\Kundi\\app.js:69:5)\n    at Module._compile (node:internal/modules/cjs/loader:1241:14)\n    at Module._extensions..js (node:internal/modules/cjs/loader:1295:10)\n    at Module.load (node:internal/modules/cjs/loader:1091:32)\n    at Module._load (node:internal/modules/cjs/loader:938:12)\n    at Function.executeUserEntryPoint [as runMain] (node:internal/modules/run_main:83:12)","os":{"loadavg":[0,0,0],"uptime":726597.343},"process":{"argv":["C:\\Program Files\\nodejs\\node.exe","C:\\Users\\RAHIM\\Documents\\Kundi\\app.js"],"cwd":"C:\\Users\\RAHIM\\Documents\\Kundi","execPath":"C:\\Program Files\\nodejs\\node.exe","gid":null,"memoryUsage":{"arrayBuffers":18263445,"external":20761580,"heapTotal":105603072,"heapUsed":74915968,"rss":144019456},"pid":2636,"uid":null,"version":"v20.7.0"},"stack":"Error: listen EADDRINUSE: address already in use :::3000\n    at Server.setupListenHandle [as _listen2] (node:net:1872:16)\n    at listenInCluster (node:net:1920:12)\n    at Server.listen (node:net:2008:7)\n    at Function.listen (C:\\Users\\RAHIM\\Documents\\Kundi\\node_modules\\express\\lib\\application.js:635:24)\n    at Object.<anonymous> (C:\\Users\\RAHIM\\Documents\\Kundi\\app.js:69:5)\n    at Module._compile (node:internal/modules/cjs/loader:1241:14)\n    at Module._extensions..js (node:internal/modules/cjs/loader:1295:10)\n    at Module.load (node:internal/modules/cjs/loader:1091:32)\n    at Module._load (node:internal/modules/cjs/loader:938:12)\n    at Function.executeUserEntryPoint [as runMain] (node:internal/modules/run_main:83:12)","trace":[{"column":16,"file":"node:net","function":"Server.setupListenHandle [as _listen2]","line":1872,"method":"setupListenHandle [as _listen2]","native":false},{"column":12,"file":"node:net","function":"listenInCluster","line":1920,"method":null,"native":false},{"column":7,"file":"node:net","function":"Server.listen","line":2008,"method":"listen","native":false},{"column":24,"file":"C:\\Users\\RAHIM\\Documents\\Kundi\\node_modules\\express\\lib\\application.js","function":"Function.listen","line":635,"method":"listen","native":false},{"column":5,"file":"C:\\Users\\RAHIM\\Documents\\Kundi\\app.js","function":null,"line":69,"method":null,"native":false},{"column":14,"file":"node:internal/modules/cjs/loader","function":"Module._compile","line":1241,"method":"_compile","native":false},{"column":10,"file":"node:internal/modules/cjs/loader","function":"Module._extensions..js","line":1295,"method":".js","native":false},{"column":32,"file":"node:internal/modules/cjs/loader","function":"Module.load","line":1091,"method":"load","native":false},{"column":12,"file":"node:internal/modules/cjs/loader","function":"Module._load","line":938,"method":"_load","native":false},{"column":12,"file":"node:internal/modules/run_main","function":"Function.executeUserEntryPoint [as runMain]","line":83,"method":"executeUserEntryPoint [as runMain]","native":false}]}
{"date":"Sun Oct 01 2023 19:18:58 GMT+0100 (West Africa Standard Time)","error":{"address":"::","code":"EADDRINUSE","errno":-4091,"port":3000,"syscall":"listen"},"exception":true,"level":"error","message":"uncaughtException: listen EADDRINUSE: address already in use :::3000\nError: listen EADDRINUSE: address already in use :::3000\n    at Server.setupListenHandle [as _listen2] (node:net:1872:16)\n    at listenInCluster (node:net:1920:12)\n    at Server.listen (node:net:2008:7)\n    at Function.listen (C:\\Users\\RAHIM\\Documents\\Kundi\\node_modules\\express\\lib\\application.js:635:24)\n    at Object.<anonymous> (C:\\Users\\RAHIM\\Documents\\Kundi\\app.js:69:5)\n    at Module._compile (node:internal/modules/cjs/loader:1241:14)\n    at Module._extensions..js (node:internal/modules/cjs/loader:1295:10)\n    at Module.load (node:internal/modules/cjs/loader:1091:32)\n    at Module._load (node:internal/modules/cjs/loader:938:12)\n    at Function.executeUserEntryPoint [as runMain] (node:internal/modules/run_main:83:12)","os":{"loadavg":[0,0,0],"uptime":726602.906},"process":{"argv":["C:\\Program Files\\nodejs\\node.exe","C:\\Users\\RAHIM\\Documents\\Kundi\\app.js"],"cwd":"C:\\Users\\RAHIM\\Documents\\Kundi","execPath":"C:\\Program Files\\nodejs\\node.exe","gid":null,"memoryUsage":{"arrayBuffers":18263445,"external":20761580,"heapTotal":105603072,"heapUsed":74007912,"rss":144584704},"pid":8884,"uid":null,"version":"v20.7.0"},"stack":"Error: listen EADDRINUSE: address already in use :::3000\n    at Server.setupListenHandle [as _listen2] (node:net:1872:16)\n    at listenInCluster (node:net:1920:12)\n    at Server.listen (node:net:2008:7)\n    at Function.listen (C:\\Users\\RAHIM\\Documents\\Kundi\\node_modules\\express\\lib\\application.js:635:24)\n    at Object.<anonymous> (C:\\Users\\RAHIM\\Documents\\Kundi\\app.js:69:5)\n    at Module._compile (node:internal/modules/cjs/loader:1241:14)\n    at Module._extensions..js (node:internal/modules/cjs/loader:1295:10)\n    at Module.load (node:internal/modules/cjs/loader:1091:32)\n    at Module._load (node:internal/modules/cjs/loader:938:12)\n    at Function.executeUserEntryPoint [as runMain] (node:internal/modules/run_main:83:12)","trace":[{"column":16,"file":"node:net","function":"Server.setupListenHandle [as _listen2]","line":1872,"method":"setupListenHandle [as _listen2]","native":false},{"column":12,"file":"node:net","function":"listenInCluster","line":1920,"method":null,"native":false},{"column":7,"file":"node:net","function":"Server.listen","line":2008,"method":"listen","native":false},{"column":24,"file":"C:\\Users\\RAHIM\\Documents\\Kundi\\node_modules\\express\\lib\\application.js","function":"Function.listen","line":635,"method":"listen","native":false},{"column":5,"file":"C:\\Users\\RAHIM\\Documents\\Kundi\\app.js","function":null,"line":69,"method":null,"native":false},{"column":14,"file":"node:internal/modules/cjs/loader","function":"Module._compile","line":1241,"method":"_compile","native":false},{"column":10,"file":"node:internal/modules/cjs/loader","function":"Module._extensions..js","line":1295,"method":".js","native":false},{"column":32,"file":"node:internal/modules/cjs/loader","function":"Module.load","line":1091,"method":"load","native":false},{"column":12,"file":"node:internal/modules/cjs/loader","function":"Module._load","line":938,"method":"_load","native":false},{"column":12,"file":"node:internal/modules/run_main","function":"Function.executeUserEntryPoint [as runMain]","line":83,"method":"executeUserEntryPoint [as runMain]","native":false}]}
{"date":"Sun Oct 01 2023 19:20:58 GMT+0100 (West Africa Standard Time)","error":{"address":"::","code":"EADDRINUSE","errno":-4091,"port":3000,"syscall":"listen"},"exception":true,"level":"error","message":"uncaughtException: listen EADDRINUSE: address already in use :::3000\nError: listen EADDRINUSE: address already in use :::3000\n    at Server.setupListenHandle [as _listen2] (node:net:1872:16)\n    at listenInCluster (node:net:1920:12)\n    at Server.listen (node:net:2008:7)\n    at Function.listen (C:\\Users\\RAHIM\\Documents\\Kundi\\node_modules\\express\\lib\\application.js:635:24)\n    at Object.<anonymous> (C:\\Users\\RAHIM\\Documents\\Kundi\\app.js:69:5)\n    at Module._compile (node:internal/modules/cjs/loader:1241:14)\n    at Module._extensions..js (node:internal/modules/cjs/loader:1295:10)\n    at Module.load (node:internal/modules/cjs/loader:1091:32)\n    at Module._load (node:internal/modules/cjs/loader:938:12)\n    at Function.executeUserEntryPoint [as runMain] (node:internal/modules/run_main:83:12)","os":{"loadavg":[0,0,0],"uptime":726722.953},"process":{"argv":["C:\\Program Files\\nodejs\\node.exe","C:\\Users\\RAHIM\\Documents\\Kundi\\app.js"],"cwd":"C:\\Users\\RAHIM\\Documents\\Kundi","execPath":"C:\\Program Files\\nodejs\\node.exe","gid":null,"memoryUsage":{"arrayBuffers":18263445,"external":20761580,"heapTotal":105865216,"heapUsed":73387488,"rss":144519168},"pid":1044,"uid":null,"version":"v20.7.0"},"stack":"Error: listen EADDRINUSE: address already in use :::3000\n    at Server.setupListenHandle [as _listen2] (node:net:1872:16)\n    at listenInCluster (node:net:1920:12)\n    at Server.listen (node:net:2008:7)\n    at Function.listen (C:\\Users\\RAHIM\\Documents\\Kundi\\node_modules\\express\\lib\\application.js:635:24)\n    at Object.<anonymous> (C:\\Users\\RAHIM\\Documents\\Kundi\\app.js:69:5)\n    at Module._compile (node:internal/modules/cjs/loader:1241:14)\n    at Module._extensions..js (node:internal/modules/cjs/loader:1295:10)\n    at Module.load (node:internal/modules/cjs/loader:1091:32)\n    at Module._load (node:internal/modules/cjs/loader:938:12)\n    at Function.executeUserEntryPoint [as runMain] (node:internal/modules/run_main:83:12)","trace":[{"column":16,"file":"node:net","function":"Server.setupListenHandle [as _listen2]","line":1872,"method":"setupListenHandle [as _listen2]","native":false},{"column":12,"file":"node:net","function":"listenInCluster","line":1920,"method":null,"native":false},{"column":7,"file":"node:net","function":"Server.listen","line":2008,"method":"listen","native":false},{"column":24,"file":"C:\\Users\\RAHIM\\Documents\\Kundi\\node_modules\\express\\lib\\application.js","function":"Function.listen","line":635,"method":"listen","native":false},{"column":5,"file":"C:\\Users\\RAHIM\\Documents\\Kundi\\app.js","function":null,"line":69,"method":null,"native":false},{"column":14,"file":"node:internal/modules/cjs/loader","function":"Module._compile","line":1241,"method":"_compile","native":false},{"column":10,"file":"node:internal/modules/cjs/loader","function":"Module._extensions..js","line":1295,"method":".js","native":false},{"column":32,"file":"node:internal/modules/cjs/loader","function":"Module.load","line":1091,"method":"load","native":false},{"column":12,"file":"node:internal/modules/cjs/loader","function":"Module._load","line":938,"method":"_load","native":false},{"column":12,"file":"node:internal/modules/run_main","function":"Function.executeUserEntryPoint [as runMain]","line":83,"method":"executeUserEntryPoint [as runMain]","native":false}]}
{"level":"info","message":"Server is running on PORT 3000"}
{"level":"info","message":"Connected to MongoDB successfully"}
{"level":"info","message":"Connected to MongoDB successfully"}
{"level":"info","message":"Server is running on PORT 3000"}
{"level":"error","message":"connect ETIMEDOUT 18.208.49.141:27017"}
{"date":"Sun Oct 01 2023 20:22:57 GMT+0100 (West Africa Standard Time)","error":{"cause":{"address":"18.208.49.141","code":"ETIMEDOUT","errno":-4039,"port":27017,"syscall":"connect"},"connectionGeneration":0},"exception":true,"level":"error","message":"uncaughtException: connect ETIMEDOUT 18.208.49.141:27017\nMongoNetworkError: connect ETIMEDOUT 18.208.49.141:27017\n    at connectionFailureError (C:\\Users\\RAHIM\\Documents\\Kundi\\node_modules\\mongodb\\lib\\cmap\\connect.js:367:20)\n    at TLSSocket.<anonymous> (C:\\Users\\RAHIM\\Documents\\Kundi\\node_modules\\mongodb\\lib\\cmap\\connect.js:290:22)\n    at Object.onceWrapper (node:events:629:26)\n    at TLSSocket.emit (node:events:514:28)\n    at emitErrorNT (node:internal/streams/destroy:151:8)\n    at emitErrorCloseNT (node:internal/streams/destroy:116:3)\n    at process.processTicksAndRejections (node:internal/process/task_queues:82:21)","os":{"loadavg":[0,0,0],"uptime":730441.593},"process":{"argv":["C:\\Program Files\\nodejs\\node.exe","C:\\Users\\RAHIM\\Documents\\Kundi\\app.js"],"cwd":"C:\\Users\\RAHIM\\Documents\\Kundi","execPath":"C:\\Program Files\\nodejs\\node.exe","gid":null,"memoryUsage":{"arrayBuffers":18272309,"external":20768223,"heapTotal":73777152,"heapUsed":69671280,"rss":110555136},"pid":8976,"uid":null,"version":"v20.7.0"},"stack":"MongoNetworkError: connect ETIMEDOUT 18.208.49.141:27017\n    at connectionFailureError (C:\\Users\\RAHIM\\Documents\\Kundi\\node_modules\\mongodb\\lib\\cmap\\connect.js:367:20)\n    at TLSSocket.<anonymous> (C:\\Users\\RAHIM\\Documents\\Kundi\\node_modules\\mongodb\\lib\\cmap\\connect.js:290:22)\n    at Object.onceWrapper (node:events:629:26)\n    at TLSSocket.emit (node:events:514:28)\n    at emitErrorNT (node:internal/streams/destroy:151:8)\n    at emitErrorCloseNT (node:internal/streams/destroy:116:3)\n    at process.processTicksAndRejections (node:internal/process/task_queues:82:21)","trace":[{"column":20,"file":"C:\\Users\\RAHIM\\Documents\\Kundi\\node_modules\\mongodb\\lib\\cmap\\connect.js","function":"connectionFailureError","line":367,"method":null,"native":false},{"column":22,"file":"C:\\Users\\RAHIM\\Documents\\Kundi\\node_modules\\mongodb\\lib\\cmap\\connect.js","function":null,"line":290,"method":null,"native":false},{"column":26,"file":"node:events","function":"Object.onceWrapper","line":629,"method":"onceWrapper","native":false},{"column":28,"file":"node:events","function":"TLSSocket.emit","line":514,"method":"emit","native":false},{"column":8,"file":"node:internal/streams/destroy","function":"emitErrorNT","line":151,"method":null,"native":false},{"column":3,"file":"node:internal/streams/destroy","function":"emitErrorCloseNT","line":116,"method":null,"native":false},{"column":21,"file":"node:internal/process/task_queues","function":"process.processTicksAndRejections","line":82,"method":"processTicksAndRejections","native":false}]}
{"level":"info","message":"Server is running on PORT 3000"}
{"level":"info","message":"Connected to MongoDB successfully"}
{"level":"info","message":"Connected to MongoDB successfully"}
{"level":"info","message":"Server is running on PORT 3000"}
{"level":"error","message":"connect ETIMEDOUT 18.208.49.141:27017"}
{"date":"Sun Oct 01 2023 21:32:20 GMT+0100 (West Africa Standard Time)","error":{"message":"connect ETIMEDOUT 18.208.49.141:27017","reason":{"commonWireVersion":0,"compatible":true,"heartbeatFrequencyMS":10000,"localThresholdMS":15,"logicalSessionTimeoutMinutes":30,"maxElectionId":null,"maxSetVersion":null,"servers":{},"setName":"atlas-j70pv1-shard-0","stale":false,"type":"ReplicaSetNoPrimary"}},"exception":true,"level":"error","message":"uncaughtException: connect ETIMEDOUT 18.208.49.141:27017\nMongooseServerSelectionError: connect ETIMEDOUT 18.208.49.141:27017\n    at _handleConnectionErrors (C:\\Users\\RAHIM\\Documents\\Kundi\\node_modules\\mongoose\\lib\\connection.js:805:11)\n    at NativeConnection.openUri (C:\\Users\\RAHIM\\Documents\\Kundi\\node_modules\\mongoose\\lib\\connection.js:780:11)\n    at process.processTicksAndRejections (node:internal/process/task_queues:95:5)","os":{"loadavg":[0,0,0],"uptime":734604.937},"process":{"argv":["C:\\Program Files\\nodejs\\node.exe","C:\\Users\\RAHIM\\Documents\\Kundi\\app.js"],"cwd":"C:\\Users\\RAHIM\\Documents\\Kundi","execPath":"C:\\Program Files\\nodejs\\node.exe","gid":null,"memoryUsage":{"arrayBuffers":18271247,"external":20767161,"heapTotal":73252864,"heapUsed":69703608,"rss":110804992},"pid":13068,"uid":null,"version":"v20.7.0"},"stack":"MongooseServerSelectionError: connect ETIMEDOUT 18.208.49.141:27017\n    at _handleConnectionErrors (C:\\Users\\RAHIM\\Documents\\Kundi\\node_modules\\mongoose\\lib\\connection.js:805:11)\n    at NativeConnection.openUri (C:\\Users\\RAHIM\\Documents\\Kundi\\node_modules\\mongoose\\lib\\connection.js:780:11)\n    at process.processTicksAndRejections (node:internal/process/task_queues:95:5)","trace":[{"column":11,"file":"C:\\Users\\RAHIM\\Documents\\Kundi\\node_modules\\mongoose\\lib\\connection.js","function":"_handleConnectionErrors","line":805,"method":null,"native":false},{"column":11,"file":"C:\\Users\\RAHIM\\Documents\\Kundi\\node_modules\\mongoose\\lib\\connection.js","function":"NativeConnection.openUri","line":780,"method":"openUri","native":false},{"column":5,"file":"node:internal/process/task_queues","function":"process.processTicksAndRejections","line":95,"method":"processTicksAndRejections","native":false}]}
